FLT #15, FILL, $FF000000
CALL Sky
CALL Grass
CALL Stone
JMP Exit
//Sky texture
Sky:
FLT #0, PERLIN, 4, 5, 112, 128, $FFC01010, $FFFFFFFF
FLT #0, ADD, #0, #15, ADDCLAMP
STR #0, 'Sky'
RET
//Grass texture
Grass:
FLT #0, PERLIN, 8, 4, 128, 160, $FF00611D, $FF178525
FLT #1, PERLIN, 8, 4, 128, 160, $FF485A5E, $FF8C8EA2
FLT #2, PERLIN, 8, 4, 128, 160, $FF202020, $FFFFFFFF
FLT #0, BLEND, #0, #1, #2
FLT #3, PERLIN, 4, 6, 128, 160, $FFFFFFFF, $FF000000
FLT #2, #3, NORMALS, 32
FLT #0, #2, BUMP, 32, 64, 8, 32, 32, 16
FLT #0, ADD, #0, #15, ADDCLAMP
STR #0, 'Grass'
RET
//Stone texture
Stone:
FLT #0, PERLIN, 2, 6, 128, 192, $FFFFFFFF, $FF606060
FLT #2, PERLIN, 4, 6, 128, 160, $FFC0C0C0, $FF000000
FLT #1, #2, NORMALS, 48
FLT #0, #1, BUMP, 0, 64, 8, 32, 32, 16
FLT #0, ADD, #0, #15, ADDCLAMP
STR #0, 'Stone'
RET
Exit: